CRITICAL - 2021-11-10 23:23:29 --> You have not selected a database type to connect to.
#0 D:\smallworld\codeigniter4\system\Database\Config.php(78): CodeIgniter\Database\Database->load(Array, 'default')
#1 D:\smallworld\codeigniter4\system\Model.php(97): CodeIgniter\Database\Config::connect('default')
#2 D:\smallworld\codeigniter4\system\Config\Factories.php(110): CodeIgniter\Model->__construct(NULL)
#3 D:\smallworld\codeigniter4\system\Common.php(783): CodeIgniter\Config\Factories::__callStatic('models', Array)
#4 D:\smallworld\codeigniter4\app\Controllers\News.php(14): model('App\\Models\\News...')
#5 D:\smallworld\codeigniter4\system\CodeIgniter.php(824): App\Controllers\News->index()
#6 D:\smallworld\codeigniter4\system\CodeIgniter.php(410): CodeIgniter\CodeIgniter->runController(Object(App\Controllers\News))
#7 D:\smallworld\codeigniter4\system\CodeIgniter.php(318): CodeIgniter\CodeIgniter->handleRequest(NULL, Object(Config\Cache), false)
#8 D:\smallworld\codeigniter4\public\index.php(37): CodeIgniter\CodeIgniter->run()
#9 {main}
CRITICAL - 2021-11-10 23:27:50 --> syntax error, unexpected 'echo' (T_ECHO), expecting function (T_FUNCTION) or const (T_CONST)
#0 D:\smallworld\codeigniter4\system\Autoloader\Autoloader.php(241): CodeIgniter\Autoloader\Autoloader->includeFile('D:\\smallworld\\c...')
#1 D:\smallworld\codeigniter4\system\Autoloader\Autoloader.php(219): CodeIgniter\Autoloader\Autoloader->loadInNamespace('Config\\Database')
#2 [internal function]: CodeIgniter\Autoloader\Autoloader->loadClass('Config\\Database')
#3 D:\smallworld\codeigniter4\system\Debug\Toolbar\Collectors\Database.php(204): spl_autoload_call('Config\\Database')
#4 D:\smallworld\codeigniter4\system\Debug\Toolbar\Collectors\Database.php(69): CodeIgniter\Debug\Toolbar\Collectors\Database->getConnections()
#5 D:\smallworld\codeigniter4\system\Debug\Toolbar.php(62): CodeIgniter\Debug\Toolbar\Collectors\Database->__construct()
#6 D:\smallworld\codeigniter4\system\Config\Services.php(626): CodeIgniter\Debug\Toolbar->__construct(Object(Config\Toolbar))
#7 D:\smallworld\codeigniter4\system\Config\BaseService.php(248): CodeIgniter\Config\Services::toolbar(Object(Config\Toolbar), false)
#8 D:\smallworld\codeigniter4\system\Config\BaseService.php(189): CodeIgniter\Config\BaseService::__callStatic('toolbar', Array)
#9 D:\smallworld\codeigniter4\system\Config\Services.php(621): CodeIgniter\Config\BaseService::getSharedInstance('toolbar', NULL)
#10 D:\smallworld\codeigniter4\system\Config\BaseService.php(248): CodeIgniter\Config\Services::toolbar()
#11 D:\smallworld\codeigniter4\app\Config\Events.php(48): CodeIgniter\Config\BaseService::__callStatic('toolbar', Array)
#12 D:\smallworld\codeigniter4\system\Events\Events.php(149): CodeIgniter\Events\Events::Config\{closure}()
#13 D:\smallworld\codeigniter4\system\CodeIgniter.php(300): CodeIgniter\Events\Events::trigger('pre_system')
#14 D:\smallworld\codeigniter4\public\index.php(37): CodeIgniter\CodeIgniter->run()
#15 {main}
CRITICAL - 2021-11-10 23:28:55 --> You have not selected a database type to connect to.
#0 D:\smallworld\codeigniter4\system\Database\Config.php(78): CodeIgniter\Database\Database->load(Array, 'default')
#1 D:\smallworld\codeigniter4\system\Model.php(97): CodeIgniter\Database\Config::connect('default')
#2 D:\smallworld\codeigniter4\system\Config\Factories.php(110): CodeIgniter\Model->__construct(NULL)
#3 D:\smallworld\codeigniter4\system\Common.php(783): CodeIgniter\Config\Factories::__callStatic('models', Array)
#4 D:\smallworld\codeigniter4\app\Controllers\News.php(14): model('App\\Models\\News...')
#5 D:\smallworld\codeigniter4\system\CodeIgniter.php(824): App\Controllers\News->index()
#6 D:\smallworld\codeigniter4\system\CodeIgniter.php(410): CodeIgniter\CodeIgniter->runController(Object(App\Controllers\News))
#7 D:\smallworld\codeigniter4\system\CodeIgniter.php(318): CodeIgniter\CodeIgniter->handleRequest(NULL, Object(Config\Cache), false)
#8 D:\smallworld\codeigniter4\public\index.php(37): CodeIgniter\CodeIgniter->run()
#9 {main}
CRITICAL - 2021-11-10 23:29:46 --> You have not selected a database type to connect to.
#0 D:\smallworld\codeigniter4\system\Database\Config.php(78): CodeIgniter\Database\Database->load(Array, 'default')
#1 D:\smallworld\codeigniter4\system\Model.php(97): CodeIgniter\Database\Config::connect('default')
#2 D:\smallworld\codeigniter4\system\Config\Factories.php(110): CodeIgniter\Model->__construct(NULL)
#3 D:\smallworld\codeigniter4\system\Common.php(783): CodeIgniter\Config\Factories::__callStatic('models', Array)
#4 D:\smallworld\codeigniter4\app\Controllers\News.php(14): model('App\\Models\\News...')
#5 D:\smallworld\codeigniter4\system\CodeIgniter.php(824): App\Controllers\News->index()
#6 D:\smallworld\codeigniter4\system\CodeIgniter.php(410): CodeIgniter\CodeIgniter->runController(Object(App\Controllers\News))
#7 D:\smallworld\codeigniter4\system\CodeIgniter.php(318): CodeIgniter\CodeIgniter->handleRequest(NULL, Object(Config\Cache), false)
#8 D:\smallworld\codeigniter4\public\index.php(37): CodeIgniter\CodeIgniter->run()
#9 {main}
CRITICAL - 2021-11-10 23:36:14 --> Illegal string offset 'title'
#0 D:\smallworld\codeigniter4\app\Views\news\overview.php(4): CodeIgniter\Debug\Exceptions->errorHandler(2, 'Illegal string ...', 'D:\\smallworld\\c...', 4, Array)
#1 D:\smallworld\codeigniter4\system\View\View.php(214): include('D:\\smallworld\\c...')
#2 D:\smallworld\codeigniter4\system\View\View.php(217): CodeIgniter\View\View->CodeIgniter\View\{closure}()
#3 D:\smallworld\codeigniter4\system\Common.php(1097): CodeIgniter\View\View->render('news/overview', Array, true)
#4 D:\smallworld\codeigniter4\app\Controllers\News.php(39): view('news/overview', Array)
#5 D:\smallworld\codeigniter4\system\CodeIgniter.php(824): App\Controllers\News->view('elvis-sighted')
#6 D:\smallworld\codeigniter4\system\CodeIgniter.php(410): CodeIgniter\CodeIgniter->runController(Object(App\Controllers\News))
#7 D:\smallworld\codeigniter4\system\CodeIgniter.php(318): CodeIgniter\CodeIgniter->handleRequest(NULL, Object(Config\Cache), false)
#8 D:\smallworld\codeigniter4\public\index.php(37): CodeIgniter\CodeIgniter->run()
#9 {main}
CRITICAL - 2021-11-10 23:37:21 --> Illegal string offset 'title'
#0 D:\smallworld\codeigniter4\app\Views\news\overview.php(4): CodeIgniter\Debug\Exceptions->errorHandler(2, 'Illegal string ...', 'D:\\smallworld\\c...', 4, Array)
#1 D:\smallworld\codeigniter4\system\View\View.php(214): include('D:\\smallworld\\c...')
#2 D:\smallworld\codeigniter4\system\View\View.php(217): CodeIgniter\View\View->CodeIgniter\View\{closure}()
#3 D:\smallworld\codeigniter4\system\Common.php(1097): CodeIgniter\View\View->render('news/overview', Array, true)
#4 D:\smallworld\codeigniter4\app\Controllers\News.php(39): view('news/overview', Array)
#5 D:\smallworld\codeigniter4\system\CodeIgniter.php(824): App\Controllers\News->view('elvis-sighted')
#6 D:\smallworld\codeigniter4\system\CodeIgniter.php(410): CodeIgniter\CodeIgniter->runController(Object(App\Controllers\News))
#7 D:\smallworld\codeigniter4\system\CodeIgniter.php(318): CodeIgniter\CodeIgniter->handleRequest(NULL, Object(Config\Cache), false)
#8 D:\smallworld\codeigniter4\public\index.php(37): CodeIgniter\CodeIgniter->run()
#9 {main}
CRITICAL - 2021-11-10 23:40:08 --> Illegal string offset 'title'
#0 D:\smallworld\codeigniter4\app\Views\news\overview.php(4): CodeIgniter\Debug\Exceptions->errorHandler(2, 'Illegal string ...', 'D:\\smallworld\\c...', 4, Array)
#1 D:\smallworld\codeigniter4\system\View\View.php(214): include('D:\\smallworld\\c...')
#2 D:\smallworld\codeigniter4\system\View\View.php(217): CodeIgniter\View\View->CodeIgniter\View\{closure}()
#3 D:\smallworld\codeigniter4\system\Common.php(1097): CodeIgniter\View\View->render('news/overview', Array, true)
#4 D:\smallworld\codeigniter4\app\Controllers\News.php(39): view('news/overview', Array)
#5 D:\smallworld\codeigniter4\system\CodeIgniter.php(824): App\Controllers\News->view('say-it-isnt-so')
#6 D:\smallworld\codeigniter4\system\CodeIgniter.php(410): CodeIgniter\CodeIgniter->runController(Object(App\Controllers\News))
#7 D:\smallworld\codeigniter4\system\CodeIgniter.php(318): CodeIgniter\CodeIgniter->handleRequest(NULL, Object(Config\Cache), false)
#8 D:\smallworld\codeigniter4\public\index.php(37): CodeIgniter\CodeIgniter->run()
#9 {main}
CRITICAL - 2021-11-10 23:44:01 --> Illegal string offset 'title'
#0 D:\smallworld\codeigniter4\app\Views\news\overview.php(4): CodeIgniter\Debug\Exceptions->errorHandler(2, 'Illegal string ...', 'D:\\smallworld\\c...', 4, Array)
#1 D:\smallworld\codeigniter4\system\View\View.php(214): include('D:\\smallworld\\c...')
#2 D:\smallworld\codeigniter4\system\View\View.php(217): CodeIgniter\View\View->CodeIgniter\View\{closure}()
#3 D:\smallworld\codeigniter4\system\Common.php(1097): CodeIgniter\View\View->render('news/overview', Array, true)
#4 D:\smallworld\codeigniter4\app\Controllers\News.php(39): view('news/overview', Array)
#5 D:\smallworld\codeigniter4\system\CodeIgniter.php(824): App\Controllers\News->view('say-it-isnt-so')
#6 D:\smallworld\codeigniter4\system\CodeIgniter.php(410): CodeIgniter\CodeIgniter->runController(Object(App\Controllers\News))
#7 D:\smallworld\codeigniter4\system\CodeIgniter.php(318): CodeIgniter\CodeIgniter->handleRequest(NULL, Object(Config\Cache), false)
#8 D:\smallworld\codeigniter4\public\index.php(37): CodeIgniter\CodeIgniter->run()
#9 {main}
CRITICAL - 2021-11-10 23:44:03 --> Illegal string offset 'title'
#0 D:\smallworld\codeigniter4\app\Views\news\overview.php(4): CodeIgniter\Debug\Exceptions->errorHandler(2, 'Illegal string ...', 'D:\\smallworld\\c...', 4, Array)
#1 D:\smallworld\codeigniter4\system\View\View.php(214): include('D:\\smallworld\\c...')
#2 D:\smallworld\codeigniter4\system\View\View.php(217): CodeIgniter\View\View->CodeIgniter\View\{closure}()
#3 D:\smallworld\codeigniter4\system\Common.php(1097): CodeIgniter\View\View->render('news/overview', Array, true)
#4 D:\smallworld\codeigniter4\app\Controllers\News.php(39): view('news/overview', Array)
#5 D:\smallworld\codeigniter4\system\CodeIgniter.php(824): App\Controllers\News->view('say-it-isnt-so')
#6 D:\smallworld\codeigniter4\system\CodeIgniter.php(410): CodeIgniter\CodeIgniter->runController(Object(App\Controllers\News))
#7 D:\smallworld\codeigniter4\system\CodeIgniter.php(318): CodeIgniter\CodeIgniter->handleRequest(NULL, Object(Config\Cache), false)
#8 D:\smallworld\codeigniter4\public\index.php(37): CodeIgniter\CodeIgniter->run()
#9 {main}
CRITICAL - 2021-11-10 23:44:23 --> Illegal string offset 'title'
#0 D:\smallworld\codeigniter4\app\Views\news\overview.php(4): CodeIgniter\Debug\Exceptions->errorHandler(2, 'Illegal string ...', 'D:\\smallworld\\c...', 4, Array)
#1 D:\smallworld\codeigniter4\system\View\View.php(214): include('D:\\smallworld\\c...')
#2 D:\smallworld\codeigniter4\system\View\View.php(217): CodeIgniter\View\View->CodeIgniter\View\{closure}()
#3 D:\smallworld\codeigniter4\system\Common.php(1097): CodeIgniter\View\View->render('news/overview', Array, true)
#4 D:\smallworld\codeigniter4\app\Controllers\News.php(39): view('news/overview', Array)
#5 D:\smallworld\codeigniter4\system\CodeIgniter.php(824): App\Controllers\News->view('say-it-isnt-so')
#6 D:\smallworld\codeigniter4\system\CodeIgniter.php(410): CodeIgniter\CodeIgniter->runController(Object(App\Controllers\News))
#7 D:\smallworld\codeigniter4\system\CodeIgniter.php(318): CodeIgniter\CodeIgniter->handleRequest(NULL, Object(Config\Cache), false)
#8 D:\smallworld\codeigniter4\public\index.php(37): CodeIgniter\CodeIgniter->run()
#9 {main}
CRITICAL - 2021-11-10 23:47:43 --> Undefined variable: title
#0 D:\smallworld\codeigniter4\app\Views\templates\header.php(10): CodeIgniter\Debug\Exceptions->errorHandler(8, 'Undefined varia...', 'D:\\smallworld\\c...', 10, Array)
#1 D:\smallworld\codeigniter4\system\View\View.php(214): include('D:\\smallworld\\c...')
#2 D:\smallworld\codeigniter4\system\View\View.php(217): CodeIgniter\View\View->CodeIgniter\View\{closure}()
#3 D:\smallworld\codeigniter4\system\Common.php(1097): CodeIgniter\View\View->render('templates/heade...', Array, true)
#4 D:\smallworld\codeigniter4\app\Controllers\News.php(38): view('templates/heade...', Array)
#5 D:\smallworld\codeigniter4\system\CodeIgniter.php(824): App\Controllers\News->view('say-it-isnt-so')
#6 D:\smallworld\codeigniter4\system\CodeIgniter.php(410): CodeIgniter\CodeIgniter->runController(Object(App\Controllers\News))
#7 D:\smallworld\codeigniter4\system\CodeIgniter.php(318): CodeIgniter\CodeIgniter->handleRequest(NULL, Object(Config\Cache), false)
#8 D:\smallworld\codeigniter4\public\index.php(37): CodeIgniter\CodeIgniter->run()
#9 {main}
CRITICAL - 2021-11-10 23:47:58 --> Illegal string offset 'title'
#0 D:\smallworld\codeigniter4\app\Views\news\overview.php(4): CodeIgniter\Debug\Exceptions->errorHandler(2, 'Illegal string ...', 'D:\\smallworld\\c...', 4, Array)
#1 D:\smallworld\codeigniter4\system\View\View.php(214): include('D:\\smallworld\\c...')
#2 D:\smallworld\codeigniter4\system\View\View.php(217): CodeIgniter\View\View->CodeIgniter\View\{closure}()
#3 D:\smallworld\codeigniter4\system\Common.php(1097): CodeIgniter\View\View->render('news/overview', Array, true)
#4 D:\smallworld\codeigniter4\app\Controllers\News.php(39): view('news/overview', Array)
#5 D:\smallworld\codeigniter4\system\CodeIgniter.php(824): App\Controllers\News->view('say-it-isnt-so')
#6 D:\smallworld\codeigniter4\system\CodeIgniter.php(410): CodeIgniter\CodeIgniter->runController(Object(App\Controllers\News))
#7 D:\smallworld\codeigniter4\system\CodeIgniter.php(318): CodeIgniter\CodeIgniter->handleRequest(NULL, Object(Config\Cache), false)
#8 D:\smallworld\codeigniter4\public\index.php(37): CodeIgniter\CodeIgniter->run()
#9 {main}
CRITICAL - 2021-11-10 23:48:19 --> Illegal string offset 'title'
#0 D:\smallworld\codeigniter4\app\Views\news\overview.php(4): CodeIgniter\Debug\Exceptions->errorHandler(2, 'Illegal string ...', 'D:\\smallworld\\c...', 4, Array)
#1 D:\smallworld\codeigniter4\system\View\View.php(214): include('D:\\smallworld\\c...')
#2 D:\smallworld\codeigniter4\system\View\View.php(217): CodeIgniter\View\View->CodeIgniter\View\{closure}()
#3 D:\smallworld\codeigniter4\system\Common.php(1097): CodeIgniter\View\View->render('news/overview', Array, true)
#4 D:\smallworld\codeigniter4\app\Controllers\News.php(41): view('news/overview', Array)
#5 D:\smallworld\codeigniter4\system\CodeIgniter.php(824): App\Controllers\News->view('say-it-isnt-so')
#6 D:\smallworld\codeigniter4\system\CodeIgniter.php(410): CodeIgniter\CodeIgniter->runController(Object(App\Controllers\News))
#7 D:\smallworld\codeigniter4\system\CodeIgniter.php(318): CodeIgniter\CodeIgniter->handleRequest(NULL, Object(Config\Cache), false)
#8 D:\smallworld\codeigniter4\public\index.php(37): CodeIgniter\CodeIgniter->run()
#9 {main}
CRITICAL - 2021-11-10 23:48:41 --> Illegal string offset 'title'
#0 D:\smallworld\codeigniter4\app\Views\news\overview.php(4): CodeIgniter\Debug\Exceptions->errorHandler(2, 'Illegal string ...', 'D:\\smallworld\\c...', 4, Array)
#1 D:\smallworld\codeigniter4\system\View\View.php(214): include('D:\\smallworld\\c...')
#2 D:\smallworld\codeigniter4\system\View\View.php(217): CodeIgniter\View\View->CodeIgniter\View\{closure}()
#3 D:\smallworld\codeigniter4\system\Common.php(1097): CodeIgniter\View\View->render('news/overview', Array, true)
#4 D:\smallworld\codeigniter4\app\Controllers\News.php(39): view('news/overview', Array)
#5 D:\smallworld\codeigniter4\system\CodeIgniter.php(824): App\Controllers\News->view('elvis-sighted')
#6 D:\smallworld\codeigniter4\system\CodeIgniter.php(410): CodeIgniter\CodeIgniter->runController(Object(App\Controllers\News))
#7 D:\smallworld\codeigniter4\system\CodeIgniter.php(318): CodeIgniter\CodeIgniter->handleRequest(NULL, Object(Config\Cache), false)
#8 D:\smallworld\codeigniter4\public\index.php(37): CodeIgniter\CodeIgniter->run()
#9 {main}
CRITICAL - 2021-11-10 23:49:15 --> Illegal string offset 'title'
#0 D:\smallworld\codeigniter4\app\Views\news\overview.php(4): CodeIgniter\Debug\Exceptions->errorHandler(2, 'Illegal string ...', 'D:\\smallworld\\c...', 4, Array)
#1 D:\smallworld\codeigniter4\system\View\View.php(214): include('D:\\smallworld\\c...')
#2 D:\smallworld\codeigniter4\system\View\View.php(217): CodeIgniter\View\View->CodeIgniter\View\{closure}()
#3 D:\smallworld\codeigniter4\system\Common.php(1097): CodeIgniter\View\View->render('news/overview', Array, true)
#4 D:\smallworld\codeigniter4\app\Controllers\News.php(41): view('news/overview', Array)
#5 D:\smallworld\codeigniter4\system\CodeIgniter.php(824): App\Controllers\News->view('elvis-sighted')
#6 D:\smallworld\codeigniter4\system\CodeIgniter.php(410): CodeIgniter\CodeIgniter->runController(Object(App\Controllers\News))
#7 D:\smallworld\codeigniter4\system\CodeIgniter.php(318): CodeIgniter\CodeIgniter->handleRequest(NULL, Object(Config\Cache), false)
#8 D:\smallworld\codeigniter4\public\index.php(37): CodeIgniter\CodeIgniter->run()
#9 {main}
CRITICAL - 2021-11-10 23:50:01 --> Illegal string offset 'title'
#0 D:\smallworld\codeigniter4\app\Views\news\overview.php(7): CodeIgniter\Debug\Exceptions->errorHandler(2, 'Illegal string ...', 'D:\\smallworld\\c...', 7, Array)
#1 D:\smallworld\codeigniter4\system\View\View.php(214): include('D:\\smallworld\\c...')
#2 D:\smallworld\codeigniter4\system\View\View.php(217): CodeIgniter\View\View->CodeIgniter\View\{closure}()
#3 D:\smallworld\codeigniter4\system\Common.php(1097): CodeIgniter\View\View->render('news/overview', Array, true)
#4 D:\smallworld\codeigniter4\app\Controllers\News.php(41): view('news/overview', Array)
#5 D:\smallworld\codeigniter4\system\CodeIgniter.php(824): App\Controllers\News->view('elvis-sighted')
#6 D:\smallworld\codeigniter4\system\CodeIgniter.php(410): CodeIgniter\CodeIgniter->runController(Object(App\Controllers\News))
#7 D:\smallworld\codeigniter4\system\CodeIgniter.php(318): CodeIgniter\CodeIgniter->handleRequest(NULL, Object(Config\Cache), false)
#8 D:\smallworld\codeigniter4\public\index.php(37): CodeIgniter\CodeIgniter->run()
#9 {main}
CRITICAL - 2021-11-10 23:51:12 --> Illegal string offset 'title'
#0 D:\smallworld\codeigniter4\app\Views\news\overview.php(7): CodeIgniter\Debug\Exceptions->errorHandler(2, 'Illegal string ...', 'D:\\smallworld\\c...', 7, Array)
#1 D:\smallworld\codeigniter4\system\View\View.php(214): include('D:\\smallworld\\c...')
#2 D:\smallworld\codeigniter4\system\View\View.php(217): CodeIgniter\View\View->CodeIgniter\View\{closure}()
#3 D:\smallworld\codeigniter4\system\Common.php(1097): CodeIgniter\View\View->render('news/overview', Array, true)
#4 D:\smallworld\codeigniter4\app\Controllers\News.php(41): view('news/overview', Array)
#5 D:\smallworld\codeigniter4\system\CodeIgniter.php(824): App\Controllers\News->view('elvis-sighted')
#6 D:\smallworld\codeigniter4\system\CodeIgniter.php(410): CodeIgniter\CodeIgniter->runController(Object(App\Controllers\News))
#7 D:\smallworld\codeigniter4\system\CodeIgniter.php(318): CodeIgniter\CodeIgniter->handleRequest(NULL, Object(Config\Cache), false)
#8 D:\smallworld\codeigniter4\public\index.php(37): CodeIgniter\CodeIgniter->run()
#9 {main}
CRITICAL - 2021-11-10 23:51:14 --> Illegal string offset 'title'
#0 D:\smallworld\codeigniter4\app\Views\news\overview.php(7): CodeIgniter\Debug\Exceptions->errorHandler(2, 'Illegal string ...', 'D:\\smallworld\\c...', 7, Array)
#1 D:\smallworld\codeigniter4\system\View\View.php(214): include('D:\\smallworld\\c...')
#2 D:\smallworld\codeigniter4\system\View\View.php(217): CodeIgniter\View\View->CodeIgniter\View\{closure}()
#3 D:\smallworld\codeigniter4\system\Common.php(1097): CodeIgniter\View\View->render('news/overview', Array, true)
#4 D:\smallworld\codeigniter4\app\Controllers\News.php(41): view('news/overview', Array)
#5 D:\smallworld\codeigniter4\system\CodeIgniter.php(824): App\Controllers\News->view('elvis-sighted')
#6 D:\smallworld\codeigniter4\system\CodeIgniter.php(410): CodeIgniter\CodeIgniter->runController(Object(App\Controllers\News))
#7 D:\smallworld\codeigniter4\system\CodeIgniter.php(318): CodeIgniter\CodeIgniter->handleRequest(NULL, Object(Config\Cache), false)
#8 D:\smallworld\codeigniter4\public\index.php(37): CodeIgniter\CodeIgniter->run()
#9 {main}
CRITICAL - 2021-11-10 23:51:54 --> Illegal string offset 'title'
#0 D:\smallworld\codeigniter4\app\Views\news\overview.php(9): CodeIgniter\Debug\Exceptions->errorHandler(2, 'Illegal string ...', 'D:\\smallworld\\c...', 9, Array)
#1 D:\smallworld\codeigniter4\system\View\View.php(214): include('D:\\smallworld\\c...')
#2 D:\smallworld\codeigniter4\system\View\View.php(217): CodeIgniter\View\View->CodeIgniter\View\{closure}()
#3 D:\smallworld\codeigniter4\system\Common.php(1097): CodeIgniter\View\View->render('news/overview', Array, true)
#4 D:\smallworld\codeigniter4\app\Controllers\News.php(41): view('news/overview', Array)
#5 D:\smallworld\codeigniter4\system\CodeIgniter.php(824): App\Controllers\News->view('elvis-sighted')
#6 D:\smallworld\codeigniter4\system\CodeIgniter.php(410): CodeIgniter\CodeIgniter->runController(Object(App\Controllers\News))
#7 D:\smallworld\codeigniter4\system\CodeIgniter.php(318): CodeIgniter\CodeIgniter->handleRequest(NULL, Object(Config\Cache), false)
#8 D:\smallworld\codeigniter4\public\index.php(37): CodeIgniter\CodeIgniter->run()
#9 {main}
CRITICAL - 2021-11-10 23:51:57 --> Illegal string offset 'title'
#0 D:\smallworld\codeigniter4\app\Views\news\overview.php(9): CodeIgniter\Debug\Exceptions->errorHandler(2, 'Illegal string ...', 'D:\\smallworld\\c...', 9, Array)
#1 D:\smallworld\codeigniter4\system\View\View.php(214): include('D:\\smallworld\\c...')
#2 D:\smallworld\codeigniter4\system\View\View.php(217): CodeIgniter\View\View->CodeIgniter\View\{closure}()
#3 D:\smallworld\codeigniter4\system\Common.php(1097): CodeIgniter\View\View->render('news/overview', Array, true)
#4 D:\smallworld\codeigniter4\app\Controllers\News.php(41): view('news/overview', Array)
#5 D:\smallworld\codeigniter4\system\CodeIgniter.php(824): App\Controllers\News->view('elvis-sighted')
#6 D:\smallworld\codeigniter4\system\CodeIgniter.php(410): CodeIgniter\CodeIgniter->runController(Object(App\Controllers\News))
#7 D:\smallworld\codeigniter4\system\CodeIgniter.php(318): CodeIgniter\CodeIgniter->handleRequest(NULL, Object(Config\Cache), false)
#8 D:\smallworld\codeigniter4\public\index.php(37): CodeIgniter\CodeIgniter->run()
#9 {main}
CRITICAL - 2021-11-10 23:52:00 --> Illegal string offset 'title'
#0 D:\smallworld\codeigniter4\app\Views\news\overview.php(9): CodeIgniter\Debug\Exceptions->errorHandler(2, 'Illegal string ...', 'D:\\smallworld\\c...', 9, Array)
#1 D:\smallworld\codeigniter4\system\View\View.php(214): include('D:\\smallworld\\c...')
#2 D:\smallworld\codeigniter4\system\View\View.php(217): CodeIgniter\View\View->CodeIgniter\View\{closure}()
#3 D:\smallworld\codeigniter4\system\Common.php(1097): CodeIgniter\View\View->render('news/overview', Array, true)
#4 D:\smallworld\codeigniter4\app\Controllers\News.php(41): view('news/overview', Array)
#5 D:\smallworld\codeigniter4\system\CodeIgniter.php(824): App\Controllers\News->view('elvis-sighted')
#6 D:\smallworld\codeigniter4\system\CodeIgniter.php(410): CodeIgniter\CodeIgniter->runController(Object(App\Controllers\News))
#7 D:\smallworld\codeigniter4\system\CodeIgniter.php(318): CodeIgniter\CodeIgniter->handleRequest(NULL, Object(Config\Cache), false)
#8 D:\smallworld\codeigniter4\public\index.php(37): CodeIgniter\CodeIgniter->run()
#9 {main}
CRITICAL - 2021-11-10 23:52:20 --> Illegal string offset 'title'
#0 D:\smallworld\codeigniter4\app\Views\news\overview.php(9): CodeIgniter\Debug\Exceptions->errorHandler(2, 'Illegal string ...', 'D:\\smallworld\\c...', 9, Array)
#1 D:\smallworld\codeigniter4\system\View\View.php(214): include('D:\\smallworld\\c...')
#2 D:\smallworld\codeigniter4\system\View\View.php(217): CodeIgniter\View\View->CodeIgniter\View\{closure}()
#3 D:\smallworld\codeigniter4\system\Common.php(1097): CodeIgniter\View\View->render('news/overview', Array, true)
#4 D:\smallworld\codeigniter4\app\Controllers\News.php(41): view('news/overview', Array)
#5 D:\smallworld\codeigniter4\system\CodeIgniter.php(824): App\Controllers\News->view('elvis-sighted')
#6 D:\smallworld\codeigniter4\system\CodeIgniter.php(410): CodeIgniter\CodeIgniter->runController(Object(App\Controllers\News))
#7 D:\smallworld\codeigniter4\system\CodeIgniter.php(318): CodeIgniter\CodeIgniter->handleRequest(NULL, Object(Config\Cache), false)
#8 D:\smallworld\codeigniter4\public\index.php(37): CodeIgniter\CodeIgniter->run()
#9 {main}
CRITICAL - 2021-11-10 23:52:31 --> Illegal string offset 'title'
#0 D:\smallworld\codeigniter4\app\Views\news\overview.php(9): CodeIgniter\Debug\Exceptions->errorHandler(2, 'Illegal string ...', 'D:\\smallworld\\c...', 9, Array)
#1 D:\smallworld\codeigniter4\system\View\View.php(214): include('D:\\smallworld\\c...')
#2 D:\smallworld\codeigniter4\system\View\View.php(217): CodeIgniter\View\View->CodeIgniter\View\{closure}()
#3 D:\smallworld\codeigniter4\system\Common.php(1097): CodeIgniter\View\View->render('news/overview', Array, true)
#4 D:\smallworld\codeigniter4\app\Controllers\News.php(41): view('news/overview', Array)
#5 D:\smallworld\codeigniter4\system\CodeIgniter.php(824): App\Controllers\News->view('elvis-sighted')
#6 D:\smallworld\codeigniter4\system\CodeIgniter.php(410): CodeIgniter\CodeIgniter->runController(Object(App\Controllers\News))
#7 D:\smallworld\codeigniter4\system\CodeIgniter.php(318): CodeIgniter\CodeIgniter->handleRequest(NULL, Object(Config\Cache), false)
#8 D:\smallworld\codeigniter4\public\index.php(37): CodeIgniter\CodeIgniter->run()
#9 {main}
CRITICAL - 2021-11-10 23:52:53 --> Illegal string offset 'title'
#0 D:\smallworld\codeigniter4\app\Views\news\overview.php(7): CodeIgniter\Debug\Exceptions->errorHandler(2, 'Illegal string ...', 'D:\\smallworld\\c...', 7, Array)
#1 D:\smallworld\codeigniter4\system\View\View.php(214): include('D:\\smallworld\\c...')
#2 D:\smallworld\codeigniter4\system\View\View.php(217): CodeIgniter\View\View->CodeIgniter\View\{closure}()
#3 D:\smallworld\codeigniter4\system\Common.php(1097): CodeIgniter\View\View->render('news/overview', Array, true)
#4 D:\smallworld\codeigniter4\app\Controllers\News.php(41): view('news/overview', Array)
#5 D:\smallworld\codeigniter4\system\CodeIgniter.php(824): App\Controllers\News->view('elvis-sighted')
#6 D:\smallworld\codeigniter4\system\CodeIgniter.php(410): CodeIgniter\CodeIgniter->runController(Object(App\Controllers\News))
#7 D:\smallworld\codeigniter4\system\CodeIgniter.php(318): CodeIgniter\CodeIgniter->handleRequest(NULL, Object(Config\Cache), false)
#8 D:\smallworld\codeigniter4\public\index.php(37): CodeIgniter\CodeIgniter->run()
#9 {main}
CRITICAL - 2021-11-10 23:56:13 --> Illegal string offset 'title'
#0 D:\smallworld\codeigniter4\app\Views\news\overview.php(7): CodeIgniter\Debug\Exceptions->errorHandler(2, 'Illegal string ...', 'D:\\smallworld\\c...', 7, Array)
#1 D:\smallworld\codeigniter4\system\View\View.php(214): include('D:\\smallworld\\c...')
#2 D:\smallworld\codeigniter4\system\View\View.php(217): CodeIgniter\View\View->CodeIgniter\View\{closure}()
#3 D:\smallworld\codeigniter4\system\Common.php(1097): CodeIgniter\View\View->render('news/overview', Array, true)
#4 D:\smallworld\codeigniter4\app\Controllers\News.php(41): view('news/overview', Array)
#5 D:\smallworld\codeigniter4\system\CodeIgniter.php(824): App\Controllers\News->view('elvis-sighted')
#6 D:\smallworld\codeigniter4\system\CodeIgniter.php(410): CodeIgniter\CodeIgniter->runController(Object(App\Controllers\News))
#7 D:\smallworld\codeigniter4\system\CodeIgniter.php(318): CodeIgniter\CodeIgniter->handleRequest(NULL, Object(Config\Cache), false)
#8 D:\smallworld\codeigniter4\public\index.php(37): CodeIgniter\CodeIgniter->run()
#9 {main}
CRITICAL - 2021-11-10 23:56:40 --> Undefined offset: 0
#0 D:\smallworld\codeigniter4\app\Controllers\News.php(32): CodeIgniter\Debug\Exceptions->errorHandler(8, 'Undefined offse...', 'D:\\smallworld\\c...', 32, Array)
#1 D:\smallworld\codeigniter4\system\CodeIgniter.php(824): App\Controllers\News->view('elvis-sighted')
#2 D:\smallworld\codeigniter4\system\CodeIgniter.php(410): CodeIgniter\CodeIgniter->runController(Object(App\Controllers\News))
#3 D:\smallworld\codeigniter4\system\CodeIgniter.php(318): CodeIgniter\CodeIgniter->handleRequest(NULL, Object(Config\Cache), false)
#4 D:\smallworld\codeigniter4\public\index.php(37): CodeIgniter\CodeIgniter->run()
#5 {main}
CRITICAL - 2021-11-10 23:57:11 --> Illegal string offset 'title'
#0 D:\smallworld\codeigniter4\app\Views\news\overview.php(7): CodeIgniter\Debug\Exceptions->errorHandler(2, 'Illegal string ...', 'D:\\smallworld\\c...', 7, Array)
#1 D:\smallworld\codeigniter4\system\View\View.php(214): include('D:\\smallworld\\c...')
#2 D:\smallworld\codeigniter4\system\View\View.php(217): CodeIgniter\View\View->CodeIgniter\View\{closure}()
#3 D:\smallworld\codeigniter4\system\Common.php(1097): CodeIgniter\View\View->render('news/overview', Array, true)
#4 D:\smallworld\codeigniter4\app\Controllers\News.php(39): view('news/overview', Array)
#5 D:\smallworld\codeigniter4\system\CodeIgniter.php(824): App\Controllers\News->view('elvis-sighted')
#6 D:\smallworld\codeigniter4\system\CodeIgniter.php(410): CodeIgniter\CodeIgniter->runController(Object(App\Controllers\News))
#7 D:\smallworld\codeigniter4\system\CodeIgniter.php(318): CodeIgniter\CodeIgniter->handleRequest(NULL, Object(Config\Cache), false)
#8 D:\smallworld\codeigniter4\public\index.php(37): CodeIgniter\CodeIgniter->run()
#9 {main}
